0 info it worked if it ends with ok
1 verbose cli [ '/home/tien/.nvm/versions/node/v6.10.3/bin/node',
1 verbose cli   '/home/tien/.nvm/versions/node/v6.10.3/bin/npm',
1 verbose cli   'run',
1 verbose cli   'watch-server' ]
2 info using npm@3.10.10
3 info using node@v6.10.3
4 verbose run-script [ 'prewatch-server', 'watch-server', 'postwatch-server' ]
5 info lifecycle pro-mern-stack@1.0.0~prewatch-server: pro-mern-stack@1.0.0
6 silly lifecycle pro-mern-stack@1.0.0~prewatch-server: no script for prewatch-server, continuing
7 info lifecycle pro-mern-stack@1.0.0~watch-server: pro-mern-stack@1.0.0
8 verbose lifecycle pro-mern-stack@1.0.0~watch-server: unsafe-perm in lifecycle true
9 verbose lifecycle pro-mern-stack@1.0.0~watch-server: PATH: /home/tien/.nvm/versions/node/v6.10.3/lib/node_modules/npm/bin/node-gyp-bin:/home/tien/Projects/redux/pro-mern-stack/node_modules/.bin:/home/tien/.nvm/versions/node/v6.10.3/bin:/home/tien/bin:/home/tien/.local/bin:/usr/local/go/bin:/usr/local/sbin:/usr/local/bin:/usr/sbin:/usr/bin:/sbin:/bin:/usr/games:/usr/local/games:/snap/bin
10 verbose lifecycle pro-mern-stack@1.0.0~watch-server: CWD: /home/tien/Projects/redux/pro-mern-stack
11 silly lifecycle pro-mern-stack@1.0.0~watch-server: Args: [ '-c', 'webpack --config webpack.server-config.js --watch' ]
12 silly lifecycle pro-mern-stack@1.0.0~watch-server: Returned: code: 1  signal: null
13 info lifecycle pro-mern-stack@1.0.0~watch-server: Failed to exec watch-server script
14 verbose stack Error: pro-mern-stack@1.0.0 watch-server: `webpack --config webpack.server-config.js --watch`
14 verbose stack Exit status 1
14 verbose stack     at EventEmitter.<anonymous> (/home/tien/.nvm/versions/node/v6.10.3/lib/node_modules/npm/lib/utils/lifecycle.js:255:16)
14 verbose stack     at emitTwo (events.js:106:13)
14 verbose stack     at EventEmitter.emit (events.js:191:7)
14 verbose stack     at ChildProcess.<anonymous> (/home/tien/.nvm/versions/node/v6.10.3/lib/node_modules/npm/lib/utils/spawn.js:40:14)
14 verbose stack     at emitTwo (events.js:106:13)
14 verbose stack     at ChildProcess.emit (events.js:191:7)
14 verbose stack     at maybeClose (internal/child_process.js:886:16)
14 verbose stack     at Process.ChildProcess._handle.onexit (internal/child_process.js:226:5)
15 verbose pkgid pro-mern-stack@1.0.0
16 verbose cwd /home/tien/Projects/redux/pro-mern-stack
17 error Linux 4.10.0-35-generic
18 error argv "/home/tien/.nvm/versions/node/v6.10.3/bin/node" "/home/tien/.nvm/versions/node/v6.10.3/bin/npm" "run" "watch-server"
19 error node v6.10.3
20 error npm  v3.10.10
21 error code ELIFECYCLE
22 error pro-mern-stack@1.0.0 watch-server: `webpack --config webpack.server-config.js --watch`
22 error Exit status 1
23 error Failed at the pro-mern-stack@1.0.0 watch-server script 'webpack --config webpack.server-config.js --watch'.
23 error Make sure you have the latest version of node.js and npm installed.
23 error If you do, this is most likely a problem with the pro-mern-stack package,
23 error not with npm itself.
23 error Tell the author that this fails on your system:
23 error     webpack --config webpack.server-config.js --watch
23 error You can get information on how to open an issue for this project with:
23 error     npm bugs pro-mern-stack
23 error Or if that isn't available, you can get their info via:
23 error     npm owner ls pro-mern-stack
23 error There is likely additional logging output above.
24 verbose exit [ 1, true ]
